# JRE version: OpenJDK Runtime Environment (15.0.2+7) (build 15.0.2+7-27)
# Java VM: OpenJDK 64-Bit Server VM (15.0.2+7-27, mixed mode, tiered, compressed oops, g1 gc, windows-amd64)
GC Precious Log:
 CPUs: 8 total, 8 available
 Memory: 7987M
 Large Page Support: Disabled
 NUMA Support: Disabled
 Compressed Oops: Enabled (32-bit)
 Heap Region Size: 1M
 Heap Min Capacity: 8M
 Heap Initial Capacity: 126M
 Heap Max Capacity: 1998M
 Pre-touch: Disabled
 Parallel Workers: 8
 Concurrent Workers: 2
 Concurrent Refinement Workers: 8
 Periodic GC: Disabled
Heap:
 garbage-first heap   total 64512K, used 46414K [0x0000000083200000, 0x0000000100000000)
  region size 1024K, 26 young (26624K), 1 survivors (1024K)
 Metaspace       used 62396K, capacity 63042K, committed 63180K, reserved 1103872K
  class space    used 8106K, capacity 8289K, committed 8396K, reserved 1048576K
GC Heap History (20 events):
Event: 2.897 GC heap before
{Heap before GC invocations=10 (full 0):
 garbage-first heap   total 44032K, used 31390K [0x0000000083200000, 0x0000000100000000)
  region size 1024K, 20 young (20480K), 3 survivors (3072K)
 Metaspace       used 34879K, capacity 35428K, committed 35456K, reserved 1081344K
  class space    used 4255K, capacity 4457K, committed 4480K, reserved 1048576K
}
Event: 2.900 GC heap after
{Heap after GC invocations=11 (full 0):
 garbage-first heap   total 53248K, used 15677K [0x0000000083200000, 0x0000000100000000)
  region size 1024K, 1 young (1024K), 1 survivors (1024K)
 Metaspace       used 34879K, capacity 35428K, committed 35456K, reserved 1081344K
  class space    used 4255K, capacity 4457K, committed 4480K, reserved 1048576K
}
Event: 2.915 GC heap before
{Heap before GC invocations=11 (full 0):
 garbage-first heap   total 53248K, used 39229K [0x0000000083200000, 0x0000000100000000)
  region size 1024K, 25 young (25600K), 1 survivors (1024K)
 Metaspace       used 34879K, capacity 35428K, committed 35456K, reserved 1081344K
  class space    used 4255K, capacity 4457K, committed 4480K, reserved 1048576K
}
Event: 2.916 GC heap after
{Heap after GC invocations=12 (full 0):
 garbage-first heap   total 53248K, used 15356K [0x0000000083200000, 0x0000000100000000)
  region size 1024K, 1 young (1024K), 1 survivors (1024K)
 Metaspace       used 34879K, capacity 35428K, committed 35456K, reserved 1081344K
  class space    used 4255K, capacity 4457K, committed 4480K, reserved 1048576K
}
Event: 2.958 GC heap before
{Heap before GC invocations=12 (full 0):
 garbage-first heap   total 53248K, used 17404K [0x0000000083200000, 0x0000000100000000)
  region size 1024K, 4 young (4096K), 1 survivors (1024K)
 Metaspace       used 35235K, capacity 35716K, committed 35840K, reserved 1081344K
  class space    used 4289K, capacity 4489K, committed 4608K, reserved 1048576K
}
Event: 2.959 GC heap after
{Heap after GC invocations=13 (full 0):
 garbage-first heap   total 53248K, used 15389K [0x0000000083200000, 0x0000000100000000)
  region size 1024K, 1 young (1024K), 1 survivors (1024K)
 Metaspace       used 35235K, capacity 35716K, committed 35840K, reserved 1081344K
  class space    used 4289K, capacity 4489K, committed 4608K, reserved 1048576K
}
Event: 2.973 GC heap before
{Heap before GC invocations=13 (full 0):
 garbage-first heap   total 53248K, used 39965K [0x0000000083200000, 0x0000000100000000)
  region size 1024K, 26 young (26624K), 1 survivors (1024K)
 Metaspace       used 35297K, capacity 35844K, committed 36096K, reserved 1081344K
  class space    used 4294K, capacity 4489K, committed 4608K, reserved 1048576K
}
Event: 2.975 GC heap after
{Heap after GC invocations=14 (full 0):
 garbage-first heap   total 53248K, used 15538K [0x0000000083200000, 0x0000000100000000)
  region size 1024K, 1 young (1024K), 1 survivors (1024K)
 Metaspace       used 35297K, capacity 35844K, committed 36096K, reserved 1081344K
  class space    used 4294K, capacity 4489K, committed 4608K, reserved 1048576K
}
Event: 3.181 GC heap before
{Heap before GC invocations=15 (full 0):
 garbage-first heap   total 53248K, used 41138K [0x0000000083200000, 0x0000000100000000)
  region size 1024K, 27 young (27648K), 1 survivors (1024K)
 Metaspace       used 37241K, capacity 37767K, committed 38016K, reserved 1083392K
  class space    used 4514K, capacity 4682K, committed 4736K, reserved 1048576K
}
Event: 3.183 GC heap after
{Heap after GC invocations=16 (full 0):
 garbage-first heap   total 53248K, used 16028K [0x0000000083200000, 0x0000000100000000)
  region size 1024K, 1 young (1024K), 1 survivors (1024K)
 Metaspace       used 37241K, capacity 37767K, committed 38016K, reserved 1083392K
  class space    used 4514K, capacity 4682K, committed 4736K, reserved 1048576K
}
Event: 3.630 GC heap before
{Heap before GC invocations=16 (full 0):
 garbage-first heap   total 53248K, used 41628K [0x0000000083200000, 0x0000000100000000)
  region size 1024K, 27 young (27648K), 1 survivors (1024K)
 Metaspace       used 43797K, capacity 44293K, committed 44544K, reserved 1087488K
  class space    used 5362K, capacity 5552K, committed 5632K, reserved 1048576K
}
Event: 3.633 GC heap after
{Heap after GC invocations=17 (full 0):
 garbage-first heap   total 53248K, used 17736K [0x0000000083200000, 0x0000000100000000)
  region size 1024K, 3 young (3072K), 3 survivors (3072K)
 Metaspace       used 43797K, capacity 44293K, committed 44544K, reserved 1087488K
  class space    used 5362K, capacity 5552K, committed 5632K, reserved 1048576K
}
Event: 4.058 GC heap before
{Heap before GC invocations=17 (full 0):
 garbage-first heap   total 53248K, used 40264K [0x0000000083200000, 0x0000000100000000)
  region size 1024K, 26 young (26624K), 3 survivors (3072K)
 Metaspace       used 50286K, capacity 50801K, committed 50944K, reserved 1093632K
  class space    used 6354K, capacity 6547K, committed 6656K, reserved 1048576K
}
Event: 4.061 GC heap after
{Heap after GC invocations=18 (full 0):
 garbage-first heap   total 53248K, used 19146K [0x0000000083200000, 0x0000000100000000)
  region size 1024K, 4 young (4096K), 4 survivors (4096K)
 Metaspace       used 50286K, capacity 50801K, committed 50944K, reserved 1093632K
  class space    used 6354K, capacity 6547K, committed 6656K, reserved 1048576K
}
Event: 4.461 GC heap before
{Heap before GC invocations=18 (full 0):
 garbage-first heap   total 53248K, used 40650K [0x0000000083200000, 0x0000000100000000)
  region size 1024K, 25 young (25600K), 4 survivors (4096K)
 Metaspace       used 55443K, capacity 55986K, committed 56064K, reserved 1097728K
  class space    used 7154K, capacity 7356K, committed 7424K, reserved 1048576K
}
Event: 4.465 GC heap after
{Heap after GC invocations=19 (full 0):
 garbage-first heap   total 53248K, used 19959K [0x0000000083200000, 0x0000000100000000)
  region size 1024K, 3 young (3072K), 3 survivors (3072K)
 Metaspace       used 55443K, capacity 55986K, committed 56064K, reserved 1097728K
  class space    used 7154K, capacity 7356K, committed 7424K, reserved 1048576K
}
Event: 4.813 GC heap before
{Heap before GC invocations=19 (full 0):
 garbage-first heap   total 53248K, used 42487K [0x0000000083200000, 0x0000000100000000)
  region size 1024K, 25 young (25600K), 3 survivors (3072K)
 Metaspace       used 58586K, capacity 59103K, committed 59264K, reserved 1101824K
  class space    used 7566K, capacity 7751K, committed 7808K, reserved 1048576K
}
Event: 4.817 GC heap after
{Heap after GC invocations=20 (full 0):
 garbage-first heap   total 64512K, used 21927K [0x0000000083200000, 0x0000000100000000)
  region size 1024K, 4 young (4096K), 4 survivors (4096K)
 Metaspace       used 58586K, capacity 59103K, committed 59264K, reserved 1101824K
  class space    used 7566K, capacity 7751K, committed 7808K, reserved 1048576K
}
Event: 4.944 GC heap before
{Heap before GC invocations=20 (full 0):
 garbage-first heap   total 64512K, used 29095K [0x0000000083200000, 0x0000000100000000)
  region size 1024K, 12 young (12288K), 4 survivors (4096K)
 Metaspace       used 59599K, capacity 60072K, committed 60160K, reserved 1101824K
  class space    used 7708K, capacity 7882K, committed 7936K, reserved 1048576K
}
Event: 4.948 GC heap after
{Heap after GC invocations=21 (full 0):
 garbage-first heap   total 64512K, used 22862K [0x0000000083200000, 0x0000000100000000)
  region size 1024K, 1 young (1024K), 1 survivors (1024K)
 Metaspace       used 59599K, capacity 60072K, committed 60160K, reserved 1101824K
  class space    used 7708K, capacity 7882K, committed 7936K, reserved 1048576K
}

