# JRE version: OpenJDK Runtime Environment (15.0.2+7) (build 15.0.2+7-27)
# Java VM: OpenJDK 64-Bit Server VM (15.0.2+7-27, mixed mode, tiered, compressed oops, g1 gc, windows-amd64)
GC Precious Log:
 CPUs: 8 total, 8 available
 Memory: 7987M
 Large Page Support: Disabled
 NUMA Support: Disabled
 Compressed Oops: Enabled (32-bit)
 Heap Region Size: 1M
 Heap Min Capacity: 8M
 Heap Initial Capacity: 126M
 Heap Max Capacity: 1998M
 Pre-touch: Disabled
 Parallel Workers: 8
 Concurrent Workers: 2
 Concurrent Refinement Workers: 8
 Periodic GC: Disabled
Heap:
 garbage-first heap   total 55296K, used 24904K [0x0000000083200000, 0x0000000100000000)
  region size 1024K, 4 young (4096K), 3 survivors (3072K)
 Metaspace       used 62597K, capacity 63202K, committed 63488K, reserved 1103872K
  class space    used 8113K, capacity 8321K, committed 8448K, reserved 1048576K
GC Heap History (20 events):
Event: 4.110 GC heap before
{Heap before GC invocations=16 (full 0):
 garbage-first heap   total 37888K, used 30213K [0x0000000083200000, 0x0000000100000000)
  region size 1024K, 16 young (16384K), 1 survivors (1024K)
 Metaspace       used 35312K, capacity 35844K, committed 36096K, reserved 1081344K
  class space    used 4290K, capacity 4489K, committed 4608K, reserved 1048576K
}
Event: 4.111 GC heap after
{Heap after GC invocations=17 (full 0):
 garbage-first heap   total 37888K, used 15880K [0x0000000083200000, 0x0000000100000000)
  region size 1024K, 1 young (1024K), 1 survivors (1024K)
 Metaspace       used 35312K, capacity 35844K, committed 36096K, reserved 1081344K
  class space    used 4290K, capacity 4489K, committed 4608K, reserved 1048576K
}
Event: 4.207 GC heap before
{Heap before GC invocations=18 (full 0):
 garbage-first heap   total 37888K, used 30216K [0x0000000083200000, 0x0000000100000000)
  region size 1024K, 16 young (16384K), 1 survivors (1024K)
 Metaspace       used 35706K, capacity 36295K, committed 36352K, reserved 1081344K
  class space    used 4352K, capacity 4554K, committed 4608K, reserved 1048576K
}
Event: 4.209 GC heap after
{Heap after GC invocations=19 (full 0):
 garbage-first heap   total 37888K, used 16011K [0x0000000083200000, 0x0000000100000000)
  region size 1024K, 1 young (1024K), 1 survivors (1024K)
 Metaspace       used 35706K, capacity 36295K, committed 36352K, reserved 1081344K
  class space    used 4352K, capacity 4554K, committed 4608K, reserved 1048576K
}
Event: 4.481 GC heap before
{Heap before GC invocations=19 (full 0):
 garbage-first heap   total 37888K, used 30347K [0x0000000083200000, 0x0000000100000000)
  region size 1024K, 16 young (16384K), 1 survivors (1024K)
 Metaspace       used 39822K, capacity 40362K, committed 40576K, reserved 1085440K
  class space    used 4780K, capacity 4971K, committed 4992K, reserved 1048576K
}
Event: 4.483 GC heap after
{Heap after GC invocations=20 (full 0):
 garbage-first heap   total 37888K, used 17220K [0x0000000083200000, 0x0000000100000000)
  region size 1024K, 2 young (2048K), 2 survivors (2048K)
 Metaspace       used 39822K, capacity 40362K, committed 40576K, reserved 1085440K
  class space    used 4780K, capacity 4971K, committed 4992K, reserved 1048576K
}
Event: 4.900 GC heap before
{Heap before GC invocations=20 (full 0):
 garbage-first heap   total 37888K, used 30532K [0x0000000083200000, 0x0000000100000000)
  region size 1024K, 16 young (16384K), 2 survivors (2048K)
 Metaspace       used 43185K, capacity 43647K, committed 43904K, reserved 1087488K
  class space    used 5248K, capacity 5423K, committed 5504K, reserved 1048576K
}
Event: 4.902 GC heap after
{Heap after GC invocations=21 (full 0):
 garbage-first heap   total 37888K, used 17999K [0x0000000083200000, 0x0000000100000000)
  region size 1024K, 1 young (1024K), 1 survivors (1024K)
 Metaspace       used 43185K, capacity 43647K, committed 43904K, reserved 1087488K
  class space    used 5248K, capacity 5423K, committed 5504K, reserved 1048576K
}
Event: 5.453 GC heap before
{Heap before GC invocations=21 (full 0):
 garbage-first heap   total 37888K, used 31311K [0x0000000083200000, 0x0000000100000000)
  region size 1024K, 14 young (14336K), 1 survivors (1024K)
 Metaspace       used 46720K, capacity 47240K, committed 47360K, reserved 1091584K
  class space    used 5897K, capacity 6065K, committed 6144K, reserved 1048576K
}
Event: 5.455 GC heap after
{Heap after GC invocations=22 (full 0):
 garbage-first heap   total 46080K, used 18597K [0x0000000083200000, 0x0000000100000000)
  region size 1024K, 2 young (2048K), 2 survivors (2048K)
 Metaspace       used 46720K, capacity 47240K, committed 47360K, reserved 1091584K
  class space    used 5897K, capacity 6065K, committed 6144K, reserved 1048576K
}
Event: 5.855 GC heap before
{Heap before GC invocations=23 (full 0):
 garbage-first heap   total 46080K, used 37029K [0x0000000083200000, 0x0000000100000000)
  region size 1024K, 20 young (20480K), 2 survivors (2048K)
 Metaspace       used 51806K, capacity 52401K, committed 52608K, reserved 1095680K
  class space    used 6555K, capacity 6739K, committed 6784K, reserved 1048576K
}
Event: 5.857 GC heap after
{Heap after GC invocations=24 (full 0):
 garbage-first heap   total 46080K, used 19558K [0x0000000083200000, 0x0000000100000000)
  region size 1024K, 3 young (3072K), 3 survivors (3072K)
 Metaspace       used 51806K, capacity 52401K, committed 52608K, reserved 1095680K
  class space    used 6555K, capacity 6739K, committed 6784K, reserved 1048576K
}
Event: 6.218 GC heap before
{Heap before GC invocations=24 (full 0):
 garbage-first heap   total 46080K, used 36966K [0x0000000083200000, 0x0000000100000000)
  region size 1024K, 20 young (20480K), 3 survivors (3072K)
 Metaspace       used 55523K, capacity 56050K, committed 56320K, reserved 1097728K
  class space    used 7172K, capacity 7356K, committed 7424K, reserved 1048576K
}
Event: 6.222 GC heap after
{Heap after GC invocations=25 (full 0):
 garbage-first heap   total 46080K, used 20367K [0x0000000083200000, 0x0000000100000000)
  region size 1024K, 2 young (2048K), 2 survivors (2048K)
 Metaspace       used 55523K, capacity 56050K, committed 56320K, reserved 1097728K
  class space    used 7172K, capacity 7356K, committed 7424K, reserved 1048576K
}
Event: 6.507 GC heap before
{Heap before GC invocations=25 (full 0):
 garbage-first heap   total 46080K, used 36751K [0x0000000083200000, 0x0000000100000000)
  region size 1024K, 18 young (18432K), 2 survivors (2048K)
 Metaspace       used 58075K, capacity 58619K, committed 58624K, reserved 1099776K
  class space    used 7506K, capacity 7678K, committed 7680K, reserved 1048576K
}
Event: 6.510 GC heap after
{Heap after GC invocations=26 (full 0):
 garbage-first heap   total 46080K, used 21876K [0x0000000083200000, 0x0000000100000000)
  region size 1024K, 3 young (3072K), 3 survivors (3072K)
 Metaspace       used 58075K, capacity 58619K, committed 58624K, reserved 1099776K
  class space    used 7506K, capacity 7678K, committed 7680K, reserved 1048576K
}
Event: 6.766 GC heap before
{Heap before GC invocations=26 (full 0):
 garbage-first heap   total 46080K, used 37236K [0x0000000083200000, 0x0000000100000000)
  region size 1024K, 18 young (18432K), 3 survivors (3072K)
 Metaspace       used 59794K, capacity 60363K, committed 60416K, reserved 1101824K
  class space    used 7745K, capacity 7915K, committed 7936K, reserved 1048576K
}
Event: 6.769 GC heap after
{Heap after GC invocations=27 (full 0):
 garbage-first heap   total 55296K, used 23352K [0x0000000083200000, 0x0000000100000000)
  region size 1024K, 3 young (3072K), 3 survivors (3072K)
 Metaspace       used 59794K, capacity 60363K, committed 60416K, reserved 1101824K
  class space    used 7745K, capacity 7915K, committed 7936K, reserved 1048576K
}
Event: 13.887 GC heap before
{Heap before GC invocations=27 (full 0):
 garbage-first heap   total 55296K, used 43832K [0x0000000083200000, 0x0000000100000000)
  region size 1024K, 23 young (23552K), 3 survivors (3072K)
 Metaspace       used 62479K, capacity 63100K, committed 63360K, reserved 1103872K
  class space    used 8095K, capacity 8287K, committed 8320K, reserved 1048576K
}
Event: 13.891 GC heap after
{Heap after GC invocations=28 (full 0):
 garbage-first heap   total 55296K, used 24904K [0x0000000083200000, 0x0000000100000000)
  region size 1024K, 3 young (3072K), 3 survivors (3072K)
 Metaspace       used 62479K, capacity 63100K, committed 63360K, reserved 1103872K
  class space    used 8095K, capacity 8287K, committed 8320K, reserved 1048576K
}

